Build started 10/27/2014 5:20:03 AM.
     1>Project "C:\Users\KaungHtet\Documents\GitHub\xcalibur\SPA\SPA.vcxproj" on node 2 (build target(s)).
     1>InitializeBuildStatus:
         Creating "Debug\SPA.unsuccessfulbuild" because "AlwaysCreate" was specified.
       ClCompile:
         C:\Program Files (x86)\Microsoft Visual Studio 10.0\VC\bin\CL.exe /c /ZI /nologo /W3 /WX- /Od /Oy- /D _MBCS /Gm /EHsc /RTC1 /MTd /GS /fp:precise /Zc:wchar_t /Zc:forScope /Fo"Debug\\" /Fd"Debug\vc100.pdb" /Gd /TP /analyze- /errorReport:prompt main.cpp
         main.cpp
       Link:
         C:\Program Files (x86)\Microsoft Visual Studio 10.0\VC\bin\link.exe /ERRORREPORT:PROMPT /OUT:"C:\Users\KaungHtet\Documents\GitHub\xcalibur\Debug\SPA.lib" /NOLOGO kernel32.lib user32.lib gdi32.lib winspool.lib comdlg32.lib advapi32.lib shell32.lib ole32.lib oleaut32.lib uuid.lib odbc32.lib odbccp32.lib /MANIFEST /ManifestFile:"Debug\SPA.lib.intermediate.manifest" /MANIFESTUAC:"level='asInvoker' uiAccess='false'" /DEBUG /PDB:"C:\Users\KaungHtet\Documents\GitHub\xcalibur\Debug\SPA.pdb" /TLBID:1 /DYNAMICBASE /NXCOMPAT /IMPLIB:"C:\Users\KaungHtet\Documents\GitHub\xcalibur\Debug\SPA.lib" /MACHINE:X86 Debug\main.obj
         Debug\Lexer.obj
         Debug\Token.obj
         LINK : C:\Users\KaungHtet\Documents\GitHub\xcalibur\Debug\SPA.lib not found or not built by the last incremental link; performing full link
         SPA.vcxproj -> C:\Users\KaungHtet\Documents\GitHub\xcalibur\Debug\SPA.lib
       Manifest:
         C:\Program Files (x86)\Microsoft SDKs\Windows\v7.0A\bin\mt.exe /nologo /verbose /outputresource:"C:\Users\KaungHtet\Documents\GitHub\xcalibur\Debug\SPA.lib;#1" /manifest Debug\SPA.lib.intermediate.manifest
       FinalizeBuildStatus:
         Deleting file "Debug\SPA.unsuccessfulbuild".
         Touching "Debug\SPA.lastbuildstate".
     1>Done Building Project "C:\Users\KaungHtet\Documents\GitHub\xcalibur\SPA\SPA.vcxproj" (build target(s)).

Build succeeded.

Time Elapsed 00:00:00.83
